C51 COMPILER V9.60.0.0   IIC_INA226                                                        08/01/2022 16:51:01 PAGE 1   


C51 COMPILER V9.60.0.0, COMPILATION OF MODULE IIC_INA226
OBJECT MODULE PLACED IN .\Output\IIC_INA226.obj
COMPILER INVOKED BY: C:\Keil_v5\C51\BIN\C51.EXE Code\IIC_INA226.c LARGE OPTIMIZE(0,SPEED) BROWSE INCDIR(.\Include;.\Code
                    -\HX711;.\Code\KEY;.\Code\ADC;.\Code\DS18B20) DEFINE(FOSC_160000) DEBUG OBJECTEXTEND PRINT(.\LST\IIC_INA226.lst) OBJECT(.
                    -\Output\IIC_INA226.obj)

line level    source

   1          #include "IIC_INA226.h"
   2          #include "N76E003.h"
   3          #include "SFR_Macro.h"
   4          #include "Function_define.h"
   5          
   6          #include "Delay.h"
   7          
   8          
   9          
  10          #define SCLK_Clr() SCL=0
  11          #define SCLK_Set() SCL=1
  12          #define SDIN_Clr() SDA=0
  13          #define SDIN_Set() SDA=1
  14          
  15          
  16          #define SYS_CLK_EN              0
  17          #define SYS_SEL                 2
  18          #define SYS_DIV_EN              0                   //0: Fsys=Fosc, 1: Fsys = Fosc/(2*CKDIV)
  19          #define SYS_DIV                 1
  20          #define I2C_CLOCK               2
  21          #define TEST_OK                 0x00
  22          bit I2C_Reset_Flag;
  23          
  24          #define OLED_CMD  0     //???
  25          #define OLED_DATA 1     //???
  26          #define OLED_MODE 0
  27          #define SIZE 16
  28          #define XLevelL         0x02
  29          #define XLevelH         0x10
  30          #define Max_Column      128
  31          #define Max_Row         64
  32          #define Brightness      0xFF 
  33          #define X_WIDTH         128
  34          #define Y_WIDTH         64      
  35          
  36          
  37          
  38          void SomeNOP7()
  39          {
  40   1              unsigned char del=20;   
  41   1              while(del--);
  42   1      }
  43          
  44           
  45          //IIC初始化
  46          void IIC_Init(void)
  47          {
  48   1              P13_PushPull_Mode;                                      // Modify SCL pin to Open drain mode. don't forget the pull high resister in circu
             -it
  49   1              P14_PushPull_Mode;                                      // Modify SDA pin to Open drain mode. don't forget the pull high resister in circu
             -it
  50   1      
  51   1              /* Set I2C clock rate */
C51 COMPILER V9.60.0.0   IIC_INA226                                                        08/01/2022 16:51:01 PAGE 2   

  52   1              I2CLK = I2C_CLOCK; 
  53   1      
  54   1              /* Enable I2C */
  55   1              set_I2CEN;   
  56   1              SDIN_Set();
  57   1              SCLK_Set();
  58   1      }
  59           
  60          //产生IIC起始信号
  61          bit I2CStart()
  62          {
  63   1              SDA=1; SomeNOP7();
  64   1              if(!SDA) SomeNOP7();
  65   1              if(!SDA) SomeNOP7();
  66   1              if(!SDA) SomeNOP7();
  67   1              SCL=1; SomeNOP7();
  68   1              if(!SDA) return 0;
  69   1              SDA=0; SomeNOP7();
  70   1              while(SDA) return 0;
  71   1              SCL=0;
  72   1              return 1;
  73   1      }         
  74          //产生IIC停止信号
  75          void I2CStop(void)
  76          {
  77   1      SDA=0;SomeNOP7();
  78   1      SCL=0;SomeNOP7();
  79   1      SCL=1;SomeNOP7();
  80   1      SDA=1;
  81   1      if(!SDA)        {       SCL=0;SomeNOP7();       SCL=1;SomeNOP7(); }
  82   1      if(!SDA)        {       SCL=0;SomeNOP7();       SCL=1;SomeNOP7(); }
  83   1      if(!SDA)        {       SCL=0;SomeNOP7();       SCL=1;SomeNOP7(); }             
  84   1      }
  85          
  86          
  87          void I2CAck(void)
  88          {       SDA=0;SomeNOP7(); SCL=0;SomeNOP7(); SCL=1;SomeNOP7(); SCL=0;SomeNOP7(); }
  89          
  90          void I2CNoAck(void)
  91          {       SDA=1;SomeNOP7(); SCL=0;SomeNOP7();     SCL=1;SomeNOP7(); SCL=0;SomeNOP7(); }
  92          
  93          
  94          bit I2CWaitAck(void)    
  95          {       
  96   1              SCL=0;SomeNOP7(); SDA=1;SomeNOP7();     
  97   1              SCL=1;SomeNOP7();
  98   1              while(SDA)       { SCL=0; return 0; }
  99   1              SCL=0;
 100   1              return 1;
 101   1      }
 102          
 103          
 104          //IIC发送一个字节         
 105          void I2CSendByte(unsigned char demand) //数据从高位到低位//
 106          {     
 107   1              unsigned char i=8;
 108   1              while(i--)
 109   1              { SCL=0;         SomeNOP7();
 110   2               SDA=(bit)(demand&0x80);
 111   2               demand<<=1; SomeNOP7();
 112   2               SCL=1;  SomeNOP7();
 113   2              }
C51 COMPILER V9.60.0.0   IIC_INA226                                                        08/01/2022 16:51:01 PAGE 3   

 114   1              SCL=0;
 115   1      }           
 116          
 117          
 118          unsigned char I2CReceiveByte(void)  
 119          {
 120   1              unsigned char i=8,ddata=0;
 121   1              SDA=1;   
 122   1              while(i--)      { ddata<<=1;      
 123   2                      SCL=0;   SomeNOP7();
 124   2                      SCL=1;   SomeNOP7(); 
 125   2              if(SDA)  {      ddata|=0x01; }
 126   2              }
 127   1              SCL=0;
 128   1              return ddata;
 129   1      }


MODULE INFORMATION:   STATIC OVERLAYABLE
   CODE SIZE        =    347    ----
   CONSTANT SIZE    =   ----    ----
   XDATA SIZE       =      5    ----
   PDATA SIZE       =   ----    ----
   DATA SIZE        =   ----    ----
   IDATA SIZE       =   ----    ----
   BIT SIZE         =      1    ----
END OF MODULE INFORMATION.


C51 COMPILATION COMPLETE.  0 WARNING(S),  0 ERROR(S)
