C51 COMPILER V9.60.0.0   KEY                                                               03/29/2021 09:04:12 PAGE 1   


C51 COMPILER V9.60.0.0, COMPILATION OF MODULE KEY
OBJECT MODULE PLACED IN .\Output\KEY.obj
COMPILER INVOKED BY: D:\Software\KeilC51\C51\BIN\C51.EXE Code\KEY\KEY.c OPTIMIZE(8,SPEED) BROWSE INCDIR(.\Include;.\Code
                    -\HX711;.\Code\KEY;.\Code\ADC;.\Code\DS18B20) DEFINE(FOSC_160000) DEBUG OBJECTEXTEND PRINT(.\LST\KEY.lst) TABS(2) OBJECT(
                    -.\Output\KEY.obj)

line level    source

   1          
   2          #include "key.h"
   3          
   4          
   5          
   6          //按键处理函数
   7          //返回按键值
   8          //mode:0,不支持连续按;1,支持连续按;
   9          //返回值：
  10          //0，没有任何按键按下
  11          //KEY0_PRES，KEY0按下
  12          //KEY1_PRES，KEY1按下
  13          //WKUP_PRES，WK_UP按下 
  14          //注意此函数有响应优先级,KEY0>KEY1>WK_UP!!
  15          u8 KEY_Scan(u8 mode)
  16          {  
  17   1        static u8 key_up=1;//按键按松开标志
  18   1        if(mode)key_up=1;  //支持连按     
  19   1        if(key_up&&(KEY2==0||KEY3==0||KEY4==0||KEY5==0))
  20   1        {
  21   2          Timer1_Delay10ms(5);//去抖动 
  22   2          key_up=0;
  23   2          if(KEY2==0)
  24   2            return KEY2_PRES;
  25   2          else if(KEY3==0)
  26   2            return KEY3_PRES;
  27   2          else if(KEY4==0)
  28   2            return KEY4_PRES;
  29   2          else if(KEY5==0)
  30   2            return KEY5_PRES;
  31   2        }
  32   1        else if(KEY2==1&&KEY3==1&&KEY4==1&&KEY5==1)
  33   1        key_up=1;        
  34   1        return 0;// 无按键按下
  35   1      }
  36          
  37          


MODULE INFORMATION:   STATIC OVERLAYABLE
   CODE SIZE        =     78    ----
   CONSTANT SIZE    =   ----    ----
   XDATA SIZE       =   ----    ----
   PDATA SIZE       =   ----    ----
   DATA SIZE        =      1    ----
   IDATA SIZE       =   ----    ----
   BIT SIZE         =   ----    ----
END OF MODULE INFORMATION.


C51 COMPILATION COMPLETE.  0 WARNING(S),  0 ERROR(S)
