C51 COMPILER V9.60.0.0   OLED                                                              08/01/2022 16:51:01 PAGE 1   


C51 COMPILER V9.60.0.0, COMPILATION OF MODULE OLED
OBJECT MODULE PLACED IN .\Output\oled.obj
COMPILER INVOKED BY: C:\Keil_v5\C51\BIN\C51.EXE Code\oled.c LARGE OPTIMIZE(0,SPEED) BROWSE INCDIR(.\Include;.\Code\HX711
                    -;.\Code\KEY;.\Code\ADC;.\Code\DS18B20) DEFINE(FOSC_160000) DEBUG OBJECTEXTEND PRINT(.\LST\oled.lst) OBJECT(.\Output\oled
                    -.obj)

line level    source

   1          //              说明: 
   2          //              ----------------------------------------------------------------
   3          //              GND    电源地
   4          //              VCC  接5V或3.3v电源
   5          //              D0   P10（SCL）SPCLK
   6          //              D1   P00（SDA）MOSI
   7          //              RES  接P03
   8          //              DC   接P01 （MISO）
   9          //              CS   接P15               
  10          //              ----------------------------------------------------------------
  11          
  12          
  13          #include "oled.h"
  14          #include "delay.h"       
  15          #include "oledfont.h"    
  16          
  17          #include "N76E003.h"
  18          #include "SFR_Macro.h"
  19          #include "Function_define.h"
  20          
  21          #define SPI_CLOCK       0
  22          //OLED的显存
  23          //存放格式如下.
  24          //[0]0 1 2 3 ... 127    
  25          //[1]0 1 2 3 ... 127    
  26          //[2]0 1 2 3 ... 127    
  27          //[3]0 1 2 3 ... 127    
  28          //[4]0 1 2 3 ... 127    
  29          //[5]0 1 2 3 ... 127    
  30          //[6]0 1 2 3 ... 127    
  31          //[7]0 1 2 3 ... 127    
  32          /*
  33          void delay_ms(unsigned int ms)
  34          {                         
  35                  unsigned int a;
  36                  while(ms)
  37                  {
  38                          a=1800;
  39                          while(a--);
  40                          ms--;
  41                  }
  42                  return;
  43          }*/
  44          #if OLED_MODE==1
              //向SSD1106写入一个字节。
              //dat:要写入的数据/命令
              //cmd:数据/命令标志 0,表示命令;1,表示数据;
              void OLED_WR_Byte(u8 dat,u8 cmd)
              {
                      DATAOUT(dat);       
                      if(cmd)
                        OLED_DC_Set();
                      else 
C51 COMPILER V9.60.0.0   OLED                                                              08/01/2022 16:51:01 PAGE 2   

                        OLED_DC_Clr();                   
                      OLED_CS_Clr();
                      OLED_WR_Clr();   
                      OLED_WR_Set();
                      OLED_CS_Set();    
                      OLED_DC_Set();   
              }                   
              #else
  62          //向SSD1306写入一个字节。
  63          //dat:要写入的数据/命令
  64          //cmd:数据/命令标志 0,表示命令;1,表示数据;
  65          void OLED_WR_Byte(u8 dat,u8 cmd)
  66          {       
  67   1              u8 i;                     
  68   1              if(cmd)
  69   1                OLED_DC_Set();
  70   1              else 
  71   1                OLED_DC_Clr();                  
  72   1              OLED_CS_Clr();
  73   1              for(i=0;i<8;i++)
  74   1              {                         
  75   2                      OLED_SCLK_Clr();
  76   2                      if(dat&0x80)
  77   2                              {
  78   3                         OLED_SDIN_Set();
  79   3                              }
  80   2      else
  81   2                         OLED_SDIN_Clr();
  82   2                                      OLED_SCLK_Set();
  83   2                      dat<<=1;   
  84   2              }                                                 
  85   1              OLED_CS_Set();
  86   1              OLED_DC_Set();            
  87   1      } 
  88          #endif
  89          void OLED_Set_Pos(unsigned char x, unsigned char y) 
  90          { 
  91   1              OLED_WR_Byte(0xb0+y,OLED_CMD);
  92   1              OLED_WR_Byte(((x&0xf0)>>4)|0x10,OLED_CMD);
  93   1              OLED_WR_Byte((x&0x0f)|0x01,OLED_CMD); 
  94   1      }         
  95          //开启OLED显示    
  96          void OLED_Display_On(void)
  97          {
  98   1              OLED_WR_Byte(0X8D,OLED_CMD);  //SET DCDC命令
  99   1              OLED_WR_Byte(0X14,OLED_CMD);  //DCDC ON
 100   1              OLED_WR_Byte(0XAF,OLED_CMD);  //DISPLAY ON
 101   1      }
 102          //关闭OLED显示     
 103          void OLED_Display_Off(void)
 104          {
 105   1              OLED_WR_Byte(0X8D,OLED_CMD);  //SET DCDC命令
 106   1              OLED_WR_Byte(0X10,OLED_CMD);  //DCDC OFF
 107   1              OLED_WR_Byte(0XAE,OLED_CMD);  //DISPLAY OFF
 108   1      }                                        
 109          //清屏函数,清完屏,整个屏幕是黑色的!和没点亮一样!!!        
 110          void OLED_Clear(void)  
 111          {  
 112   1              u8 i,n;             
 113   1              for(i=0;i<8;i++)  
 114   1              {  
 115   2                      OLED_WR_Byte (0xb0+i,OLED_CMD);    //设置页地址（0~7）
C51 COMPILER V9.60.0.0   OLED                                                              08/01/2022 16:51:01 PAGE 3   

 116   2                      OLED_WR_Byte (0x00,OLED_CMD);      //设置显示位置―列低地址
 117   2                      OLED_WR_Byte (0x10,OLED_CMD);      //设置显示位置―列高地址   
 118   2                      for(n=0;n<128;n++)OLED_WR_Byte(0,OLED_DATA); 
 119   2              } //更新显示
 120   1      }
 121          
 122          
 123          //在指定位置显示一个字符,包括部分字符
 124          //x:0~127
 125          //y:0~63
 126          //mode:0,反白显示;1,正常显示                             
 127          //size:选择字体 16/12 
 128          void OLED_ShowChar(u8 x,u8 y,u8 chr)
 129          {       
 130   1              unsigned char c=0,i=0;  
 131   1                      c=chr-' ';//得到偏移后的值                      
 132   1                      if(x>Max_Column-1){x=0;y=y+2;}
 133   1                      if(SIZE ==16)
 134   1                      {
 135   2                              OLED_Set_Pos(x,y);      
 136   2                              for(i=0;i<8;i++)
 137   2                                      OLED_WR_Byte(F8X16[c*16+i],OLED_DATA);
 138   2                                      OLED_Set_Pos(x,y+1);
 139   2                              for(i=0;i<8;i++)
 140   2                                      OLED_WR_Byte(F8X16[c*16+i+8],OLED_DATA);
 141   2                      }
 142   1                              else 
 143   1                              {       
 144   2                                      OLED_Set_Pos(x,y+1);
 145   2                                      for(i=0;i<6;i++)
 146   2                                      OLED_WR_Byte(F6x8[c][i],OLED_DATA);
 147   2                                      
 148   2                              }
 149   1      }
 150          //m^n函数
 151          u32 oled_pow(u8 m,u8 n)
 152          {
 153   1              u32 result=1;    
 154   1              while(n--)result*=m;    
 155   1              return result;
 156   1      }                                 
 157          //显示2个数字
 158          //x,y :起点坐标  
 159          //len :数字的位数
 160          //size:字体大小
 161          //mode:模式     0,填充模式;1,叠加模式
 162          //num:数值(0~4294967295);                         
 163          void OLED_ShowNum(u8 x,u8 y,u32 num,u8 len,u8 size2)
 164          {               
 165   1              u8 t,temp;
 166   1              u8 enshow=0;                                               
 167   1              for(t=0;t<len;t++)
 168   1              {
 169   2                      temp=(num/oled_pow(10,len-t-1))%10;
 170   2                      if(enshow==0&&t<(len-1))
 171   2                      {
 172   3                              if(temp==0)
 173   3                              {
 174   4                                      OLED_ShowChar(x+(size2/2)*t,y,' ');
 175   4                                      continue;
 176   4                              }else enshow=1; 
 177   3                               
C51 COMPILER V9.60.0.0   OLED                                                              08/01/2022 16:51:01 PAGE 4   

 178   3                      }
 179   2                      OLED_ShowChar(x+(size2/2)*t,y,temp+'0'); 
 180   2              }
 181   1      } 
 182          //显示一个字符号串
 183          void OLED_ShowString(u8 x,u8 y,u8 *chr)
 184          {
 185   1              unsigned char j=0;
 186   1              while (chr[j]!='\0')
 187   1              {               OLED_ShowChar(x,y,chr[j]);
 188   2                              x+=8;
 189   2                      if(x>120){x=0;y+=2;}
 190   2                              j++;
 191   2              }
 192   1      }
 193          //显示汉字
 194          void OLED_ShowCHinese(u8 x,u8 y,u8 no)
 195          {                           
 196   1              u8 t,adder=0;
 197   1              OLED_Set_Pos(x,y);      
 198   1          for(t=0;t<16;t++)
 199   1                      {
 200   2                                      OLED_WR_Byte(Hzk[2*no][t],OLED_DATA);
 201   2                                      adder+=1;
 202   2           }  
 203   1                      OLED_Set_Pos(x,y+1);    
 204   1          for(t=0;t<16;t++)
 205   1                              {       
 206   2                                      OLED_WR_Byte(Hzk[2*no+1][t],OLED_DATA);
 207   2                                      adder+=1;
 208   2            }                                 
 209   1      }
 210          /***********功能描述：显示显示BMP图片128×64起始点坐标(x,y),x的范围0～127，y为页的范围0～7****************
             -*/
 211          void OLED_DrawBMP(unsigned char x0, unsigned char y0,unsigned char x1, unsigned char y1,unsigned char BMP[
             -])
 212          {       
 213   1       unsigned int j=0;
 214   1       unsigned char x,y;
 215   1        
 216   1        if(y1%8==0) y=y1/8;      
 217   1        else y=y1/8+1;
 218   1              for(y=y0;y<y1;y++)
 219   1              {
 220   2                      OLED_Set_Pos(x0,y);
 221   2          for(x=x0;x<x1;x++)
 222   2                  {      
 223   3                      OLED_WR_Byte(BMP[j++],OLED_DATA);               
 224   3                  }
 225   2              }
 226   1      }
 227          
 228          
 229          //大号字-中文-自添加
 230          void OLED_ShowCHinese48(unsigned char x,unsigned char y,unsigned char no)
 231          {                           
 232   1        UINT8 t=0,i=0;//定义变量
 233   1        OLED_Set_Pos(x,y);    //从 x y 开始画点，先画第一页
 234   1        for(i=0;i<4;i++) //循环16次，画第一页的16列
 235   1              {
 236   2            OLED_Set_Pos(x,y+i);
 237   2                              for(t=0;t<48;t++)       //循环16次，画第二页的16列
C51 COMPILER V9.60.0.0   OLED                                                              08/01/2022 16:51:01 PAGE 5   

 238   2                              {       
 239   3                                      OLED_WR_Byte(hanzi48[no][(48*i)+t],OLED_DATA);
 240   3                              }       
 241   2              }       
 242   1      }
 243          
 244          
 245          //大号字-字符数字-自添加
 246          void OLED_ShowChar48(unsigned char x,unsigned char y,unsigned char no)
 247          {                           
 248   1        UINT8 t=0,i=0;//定义变量
 249   1        OLED_Set_Pos(x,y);    //从 x y 开始画点，先画第一页
 250   1        for(i=0;i<4;i++) //循环16次，画第一页的16列
 251   1              {
 252   2            OLED_Set_Pos(x,y+i);
 253   2                              for(t=0;t<16;t++)       //循环16次，画第二页的16列
 254   2                              {       
 255   3                                      OLED_WR_Byte(zifu48[no][(16*i)+t],OLED_DATA);
 256   3                              }       
 257   2              }       
 258   1      }
 259          
 260          //硬件SPI初始化(speed值取:0/1/2/3,分别对应晶振的:4/16/64/128分频)
 261          void SPI_Initial(void)
 262          {
 263   1              P00_PushPull_Mode;
 264   1              P01_PushPull_Mode;
 265   1              P03_PushPull_Mode;
 266   1              P10_PushPull_Mode;
 267   1              P15_PushPull_Mode;
 268   1      }
 269          
 270          
 271          //初始化SSD1306                                     
 272          void OLED_Init(void)
 273          {
 274   1              SPI_Initial();
 275   1        OLED_RST_Set();
 276   1              Timer0_Delay1ms(500);
 277   1              OLED_RST_Clr();
 278   1              Timer0_Delay1ms(500);
 279   1              OLED_RST_Set(); 
 280   1              /*                                
 281   1              OLED_WR_Byte(0xAE,OLED_CMD);//--turn off oled panel
 282   1              OLED_WR_Byte(0x00,OLED_CMD);//---set low column address
 283   1              OLED_WR_Byte(0x10,OLED_CMD);//---set high column address
 284   1              OLED_WR_Byte(0x40,OLED_CMD);//--set start line address  Set Mapping RAM Display Start Line (0x00~0x3F)
 285   1              OLED_WR_Byte(0x81,OLED_CMD);//--set contrast control register
 286   1              OLED_WR_Byte(0xCF,OLED_CMD); // Set SEG Output Current Brightness
 287   1              OLED_WR_Byte(0xA1,OLED_CMD);//--Set SEG/Column Mapping     0xa0左右反置 0xa1正常
 288   1              OLED_WR_Byte(0xC8,OLED_CMD);//Set COM/Row Scan Direction   0xc0上下反置 0xc8正常
 289   1              OLED_WR_Byte(0xA6,OLED_CMD);//--set normal display
 290   1              OLED_WR_Byte(0xA8,OLED_CMD);//--set multiplex ratio(1 to 64)
 291   1              OLED_WR_Byte(0x3f,OLED_CMD);//--1/64 duty
 292   1              OLED_WR_Byte(0xD3,OLED_CMD);//-set display offset       Shift Mapping RAM Counter (0x00~0x3F)
 293   1              OLED_WR_Byte(0x00,OLED_CMD);//-not offset
 294   1              OLED_WR_Byte(0xd5,OLED_CMD);//--set display clock divide ratio/oscillator frequency
 295   1              OLED_WR_Byte(0x80,OLED_CMD);//--set divide ratio, Set Clock as 100 Frames/Sec
 296   1              OLED_WR_Byte(0xD9,OLED_CMD);//--set pre-charge period
 297   1              OLED_WR_Byte(0xF1,OLED_CMD);//Set Pre-Charge as 15 Clocks & Discharge as 1 Clock
 298   1              OLED_WR_Byte(0xDA,OLED_CMD);//--set com pins hardware configuration
 299   1              OLED_WR_Byte(0x12,OLED_CMD);
C51 COMPILER V9.60.0.0   OLED                                                              08/01/2022 16:51:01 PAGE 6   

 300   1              OLED_WR_Byte(0xDB,OLED_CMD);//--set vcomh
 301   1              OLED_WR_Byte(0x40,OLED_CMD);//Set VCOM Deselect Level
 302   1              OLED_WR_Byte(0x20,OLED_CMD);//-Set Page Addressing Mode (0x00/0x01/0x02)
 303   1              OLED_WR_Byte(0x02,OLED_CMD);//
 304   1              OLED_WR_Byte(0x8D,OLED_CMD);//--set Charge Pump enable/disable
 305   1              OLED_WR_Byte(0x14,OLED_CMD);//--set(0x10) disable
 306   1              OLED_WR_Byte(0xA4,OLED_CMD);// Disable Entire Display On (0xa4/0xa5)
 307   1              OLED_WR_Byte(0xA6,OLED_CMD);// Disable Inverse Display On (0xa6/a7) 
 308   1              OLED_WR_Byte(0xAF,OLED_CMD);//--turn on oled panel
 309   1              */
 310   1      
 311   1              OLED_WR_Byte(0xAE,OLED_CMD);//--turn off oled panel
 312   1              OLED_WR_Byte(0x00,OLED_CMD);//---set low column address
 313   1              OLED_WR_Byte(0x10,OLED_CMD);//---set high column address
 314   1              OLED_WR_Byte(0x40,OLED_CMD);//--set start line address  Set Mapping RAM Display Start Line (0x00~0x3F)
 315   1              OLED_WR_Byte(0x81,OLED_CMD);//--set contrast control register
 316   1              OLED_WR_Byte(0xCF,OLED_CMD); // Set SEG Output Current Brightness
 317   1              OLED_WR_Byte(0xA1,OLED_CMD);//--Set SEG/Column Mapping     0xa0左右反置 0xa1正常
 318   1              OLED_WR_Byte(0xC8,OLED_CMD);//Set COM/Row Scan Direction   0xc0上下反置 0xc8正常
 319   1              OLED_WR_Byte(0xA6,OLED_CMD);//--set normal display
 320   1              OLED_WR_Byte(0xA8,OLED_CMD);//--set multiplex ratio(1 to 64)
 321   1              OLED_WR_Byte(0x3f,OLED_CMD);//--1/64 duty
 322   1              OLED_WR_Byte(0xD3,OLED_CMD);//-set display offset       Shift Mapping RAM Counter (0x00~0x3F)
 323   1              OLED_WR_Byte(0x00,OLED_CMD);//-not offset
 324   1              OLED_WR_Byte(0xd5,OLED_CMD);//--set display clock divide ratio/oscillator frequency
 325   1              OLED_WR_Byte(0x80,OLED_CMD);//--set divide ratio, Set Clock as 100 Frames/Sec
 326   1              OLED_WR_Byte(0xD9,OLED_CMD);//--set pre-charge period
 327   1              OLED_WR_Byte(0xF1,OLED_CMD);//Set Pre-Charge as 15 Clocks & Discharge as 1 Clock
 328   1              OLED_WR_Byte(0xDA,OLED_CMD);//--set com pins hardware configuration
 329   1              OLED_WR_Byte(0x12,OLED_CMD);
 330   1              OLED_WR_Byte(0xDB,OLED_CMD);//--set vcomh
 331   1              OLED_WR_Byte(0x40,OLED_CMD);//Set VCOM Deselect Level
 332   1              OLED_WR_Byte(0x20,OLED_CMD);//-Set Page Addressing Mode (0x00/0x01/0x02)
 333   1              OLED_WR_Byte(0x02,OLED_CMD);//
 334   1              OLED_WR_Byte(0x8D,OLED_CMD);//--set Charge Pump enable/disable
 335   1              OLED_WR_Byte(0x14,OLED_CMD);//--set(0x10) disable
 336   1              OLED_WR_Byte(0xA4,OLED_CMD);// Disable Entire Display On (0xa4/0xa5)
 337   1              OLED_WR_Byte(0xA6,OLED_CMD);// Disable Inverse Display On (0xa6/a7) 
 338   1              OLED_WR_Byte(0xAF,OLED_CMD);//--turn on oled panel
 339   1              
 340   1              OLED_WR_Byte(0xAF,OLED_CMD); /*display ON*/ 
 341   1              OLED_Clear();
 342   1              OLED_Set_Pos(0,0);      
 343   1              OLED_Clear(); 
 344   1      }  
 345          
*** WARNING C294 IN LINE 144 OF Code\oled.c: unreachable code
*** WARNING C294 IN LINE 144 OF Code\oled.c: unreachable code


MODULE INFORMATION:   STATIC OVERLAYABLE
   CODE SIZE        =   2185    ----
   CONSTANT SIZE    =   2358    ----
   XDATA SIZE       =     61    ----
   PDATA SIZE       =   ----    ----
   DATA SIZE        =   ----    ----
   IDATA SIZE       =   ----    ----
   BIT SIZE         =   ----    ----
END OF MODULE INFORMATION.


C51 COMPILATION COMPLETE.  2 WARNING(S),  0 ERROR(S)
